<?xml version="1.0" ?> 
<?xml-stylesheet type="text/xsl" href="CUnit-Run.xsl" ?> 
<!DOCTYPE CUNIT_TEST_RUN_REPORT SYSTEM "CUnit-Run.dtd"> 
<CUNIT_TEST_RUN_REPORT> 
  <CUNIT_HEADER/> 
  <CUNIT_RESULT_LISTING> 
    <CUNIT_RUN_SUITE> 
      <CUNIT_RUN_SUITE_SUCCESS> 
        <SUITE_NAME> Suite_success </SUITE_NAME> 
        <CUNIT_RUN_TEST_RECORD> 
          <CUNIT_RUN_TEST_SUCCESS> 
            <TEST_NAME> successful_test_1 </TEST_NAME> 
          </CUNIT_RUN_TEST_SUCCESS> 
        </CUNIT_RUN_TEST_RECORD> 
        <CUNIT_RUN_TEST_RECORD> 
          <CUNIT_RUN_TEST_SUCCESS> 
            <TEST_NAME> successful_test_2 </TEST_NAME> 
          </CUNIT_RUN_TEST_SUCCESS> 
        </CUNIT_RUN_TEST_RECORD> 
        <CUNIT_RUN_TEST_RECORD> 
          <CUNIT_RUN_TEST_SUCCESS> 
            <TEST_NAME> successful_test_3 </TEST_NAME> 
          </CUNIT_RUN_TEST_SUCCESS> 
        </CUNIT_RUN_TEST_RECORD> 
      </CUNIT_RUN_SUITE_SUCCESS> 
    </CUNIT_RUN_SUITE> 
    <CUNIT_RUN_SUITE> 
      <CUNIT_RUN_SUITE_FAILURE> 
        <SUITE_NAME> Suite_init_failure </SUITE_NAME> 
        <FAILURE_REASON> Suite Initialization Failed </FAILURE_REASON> 
      </CUNIT_RUN_SUITE_FAILURE> 
    </CUNIT_RUN_SUITE>  
    <CUNIT_RUN_SUITE> 
      <CUNIT_RUN_SUITE_SUCCESS> 
        <SUITE_NAME> Suite_clean_failure </SUITE_NAME> 
        <CUNIT_RUN_TEST_RECORD> 
          <CUNIT_RUN_TEST_SUCCESS> 
            <TEST_NAME> successful_test_4 </TEST_NAME> 
          </CUNIT_RUN_TEST_SUCCESS> 
        </CUNIT_RUN_TEST_RECORD> 
        <CUNIT_RUN_TEST_RECORD> 
          <CUNIT_RUN_TEST_FAILURE> 
            <TEST_NAME> failed_test_2 </TEST_NAME> 
            <FILE_NAME> C:\Users\dotorom\Lucas.D\Lucas.D-Labs\Protect\Cprojects\CTest\example\exam3.c </FILE_NAME> 
            <LINE_NUMBER> 38 </LINE_NUMBER> 
            <CONDITION> CU_ASSERT_EQUAL(2,3) </CONDITION> 
          </CUNIT_RUN_TEST_FAILURE> 
        </CUNIT_RUN_TEST_RECORD> 
        <CUNIT_RUN_TEST_RECORD> 
          <CUNIT_RUN_TEST_SUCCESS> 
            <TEST_NAME> successful_test_1 </TEST_NAME> 
          </CUNIT_RUN_TEST_SUCCESS> 
        </CUNIT_RUN_TEST_RECORD> 
      </CUNIT_RUN_SUITE_SUCCESS> 
    </CUNIT_RUN_SUITE> 
    <CUNIT_RUN_SUITE> 
      <CUNIT_RUN_SUITE_FAILURE> 
        <SUITE_NAME> Suite_clean_failure </SUITE_NAME> 
        <FAILURE_REASON> Suite Cleanup Failed </FAILURE_REASON> 
      </CUNIT_RUN_SUITE_FAILURE> 
    </CUNIT_RUN_SUITE>  
    <CUNIT_RUN_SUITE> 
      <CUNIT_RUN_SUITE_SUCCESS> 
        <SUITE_NAME> Suite_mixed </SUITE_NAME> 
        <CUNIT_RUN_TEST_RECORD> 
          <CUNIT_RUN_TEST_SUCCESS> 
            <TEST_NAME> successful_test_2 </TEST_NAME> 
          </CUNIT_RUN_TEST_SUCCESS> 
        </CUNIT_RUN_TEST_RECORD> 
        <CUNIT_RUN_TEST_RECORD> 
          <CUNIT_RUN_TEST_FAILURE> 
            <TEST_NAME> failed_test_4 </TEST_NAME> 
            <FILE_NAME> C:\Users\dotorom\Lucas.D\Lucas.D-Labs\Protect\Cprojects\CTest\example\exam3.c </FILE_NAME> 
            <LINE_NUMBER> 48 </LINE_NUMBER> 
            <CONDITION> CU_ASSERT_STRING_EQUAL("string #1","string #2") </CONDITION> 
          </CUNIT_RUN_TEST_FAILURE> 
        </CUNIT_RUN_TEST_RECORD> 
        <CUNIT_RUN_TEST_RECORD> 
          <CUNIT_RUN_TEST_FAILURE> 
            <TEST_NAME> failed_test_2 </TEST_NAME> 
            <FILE_NAME> C:\Users\dotorom\Lucas.D\Lucas.D-Labs\Protect\Cprojects\CTest\example\exam3.c </FILE_NAME> 
            <LINE_NUMBER> 38 </LINE_NUMBER> 
            <CONDITION> CU_ASSERT_EQUAL(2,3) </CONDITION> 
          </CUNIT_RUN_TEST_FAILURE> 
        </CUNIT_RUN_TEST_RECORD> 
        <CUNIT_RUN_TEST_RECORD> 
          <CUNIT_RUN_TEST_SUCCESS> 
            <TEST_NAME> successful_test_4 </TEST_NAME> 
          </CUNIT_RUN_TEST_SUCCESS> 
        </CUNIT_RUN_TEST_RECORD> 
      </CUNIT_RUN_SUITE_SUCCESS> 
    </CUNIT_RUN_SUITE> 
  </CUNIT_RESULT_LISTING>
  <CUNIT_RUN_SUMMARY> 
    <CUNIT_RUN_SUMMARY_RECORD> 
      <TYPE> Suites </TYPE> 
      <TOTAL> 4 </TOTAL> 
      <RUN> 3 </RUN> 
      <SUCCEEDED> - NA - </SUCCEEDED> 
      <FAILED> 2 </FAILED> 
      <INACTIVE> 0 </INACTIVE> 
    </CUNIT_RUN_SUMMARY_RECORD> 
    <CUNIT_RUN_SUMMARY_RECORD> 
      <TYPE> Test Cases </TYPE> 
      <TOTAL> 13 </TOTAL> 
      <RUN> 10 </RUN> 
      <SUCCEEDED> 7 </SUCCEEDED> 
      <FAILED> 3 </FAILED> 
      <INACTIVE> 0 </INACTIVE> 
    </CUNIT_RUN_SUMMARY_RECORD> 
    <CUNIT_RUN_SUMMARY_RECORD> 
      <TYPE> Assertions </TYPE> 
      <TOTAL> 10 </TOTAL> 
      <RUN> 10 </RUN> 
      <SUCCEEDED> 7 </SUCCEEDED> 
      <FAILED> 3 </FAILED> 
      <INACTIVE> n/a </INACTIVE> 
    </CUNIT_RUN_SUMMARY_RECORD> 
  </CUNIT_RUN_SUMMARY> 
  <CUNIT_FOOTER> File Generated By CUnit v1.0.0 - Sat Dec 09 19:59:44 2023
 </CUNIT_FOOTER> 
</CUNIT_TEST_RUN_REPORT>